<?xml version="1.0" encoding="UTF-8"?>
<coverage generated="1782120039576" clover="3.2.0">
  <project timestamp="1782120039577" name="All files">
    <metrics statements="38" coveredstatements="27" conditionals="6" coveredconditionals="4" methods="10" coveredmethods="4" elements="54" coveredelements="35" complexity="0" loc="38" ncloc="38" packages="1" files="1" classes="1"/>
    <file name="index.js" path="C:\Users\elion\Documents\WORK\SNET\Javascript_projects\Weather_App\index.js">
      <metrics statements="38" coveredstatements="27" conditionals="6" coveredconditionals="4" methods="10" coveredmethods="4"/>
      <line num="2" count="42" type="stmt"/>
      <line num="3" count="42" type="stmt"/>
      <line num="4" count="42" type="stmt"/>
      <line num="7" count="42" type="stmt"/>
      <line num="8" count="42" type="stmt"/>
      <line num="11" count="0" type="cond" truecount="0" falsecount="2"/>
      <line num="12" count="0" type="stmt"/>
      <line num="13" count="0" type="stmt"/>
      <line num="18" count="0" type="stmt"/>
      <line num="19" count="0" type="stmt"/>
      <line num="23" count="5" type="stmt"/>
      <line num="24" count="5" type="stmt"/>
      <line num="25" count="3" type="stmt"/>
      <line num="26" count="3" type="stmt"/>
      <line num="27" count="3" type="stmt"/>
      <line num="29" count="2" type="cond" truecount="2" falsecount="0"/>
      <line num="30" count="1" type="stmt"/>
      <line num="31" count="1" type="stmt"/>
      <line num="32" count="1" type="stmt"/>
      <line num="34" count="1" type="stmt"/>
      <line num="35" count="1" type="stmt"/>
      <line num="36" count="1" type="stmt"/>
      <line num="38" count="2" type="stmt"/>
      <line num="44" count="0" type="stmt"/>
      <line num="46" count="0" type="stmt"/>
      <line num="64" count="10" type="stmt"/>
      <line num="89" count="10" type="stmt"/>
      <line num="90" count="0" type="stmt"/>
      <line num="91" count="0" type="stmt"/>
      <line num="96" count="4" type="stmt"/>
      <line num="97" count="4" type="stmt"/>
      <line num="98" count="4" type="stmt"/>
      <line num="103" count="4" type="stmt"/>
      <line num="108" count="37" type="stmt"/>
      <line num="134" count="37" type="cond" truecount="2" falsecount="0"/>
      <line num="137" count="42" type="stmt"/>
      <line num="138" count="0" type="stmt"/>
      <line num="139" count="0" type="stmt"/>
    </file>
  </project>
</coverage>
