{"C:\\Users\\elion\\Documents\\WORK\\SNET\\Javascript_projects\\Weather_App\\index.js": {"path":"C:\\Users\\elion\\Documents\\WORK\\SNET\\Javascript_projects\\Weather_App\\index.js","statementMap":{"0":{"start":{"line":2,"column":18},"end":{"line":2,"column":55}},"1":{"start":{"line":3,"column":25},"end":{"line":3,"column":69}},"2":{"start":{"line":4,"column":21},"end":{"line":4,"column":61}},"3":{"start":{"line":7,"column":13},"end":{"line":7,"column":15}},"4":{"start":{"line":8,"column":16},"end":{"line":8,"column":43}},"5":{"start":{"line":11,"column":4},"end":{"line":14,"column":5}},"6":{"start":{"line":12,"column":21},"end":{"line":12,"column":39}},"7":{"start":{"line":13,"column":8},"end":{"line":13,"column":34}},"8":{"start":{"line":18,"column":17},"end":{"line":18,"column":32}},"9":{"start":{"line":19,"column":4},"end":{"line":19,"column":30}},"10":{"start":{"line":23,"column":4},"end":{"line":39,"column":5}},"11":{"start":{"line":24,"column":25},"end":{"line":24,"column":180}},"12":{"start":{"line":25,"column":21},"end":{"line":25,"column":34}},"13":{"start":{"line":26,"column":8},"end":{"line":26,"column":38}},"14":{"start":{"line":27,"column":8},"end":{"line":27,"column":32}},"15":{"start":{"line":29,"column":8},"end":{"line":37,"column":9}},"16":{"start":{"line":30,"column":12},"end":{"line":30,"column":61}},"17":{"start":{"line":31,"column":12},"end":{"line":31,"column":44}},"18":{"start":{"line":32,"column":12},"end":{"line":32,"column":113}},"19":{"start":{"line":34,"column":12},"end":{"line":34,"column":59}},"20":{"start":{"line":35,"column":12},"end":{"line":35,"column":44}},"21":{"start":{"line":36,"column":12},"end":{"line":36,"column":73}},"22":{"start":{"line":38,"column":8},"end":{"line":38,"column":61}},"23":{"start":{"line":44,"column":4},"end":{"line":60,"column":6}},"24":{"start":{"line":46,"column":35},"end":{"line":58,"column":13}},"25":{"start":{"line":64,"column":4},"end":{"line":87,"column":6}},"26":{"start":{"line":89,"column":4},"end":{"line":92,"column":7}},"27":{"start":{"line":90,"column":21},"end":{"line":90,"column":36}},"28":{"start":{"line":91,"column":8},"end":{"line":91,"column":33}},"29":{"start":{"line":96,"column":31},"end":{"line":96,"column":64}},"30":{"start":{"line":97,"column":17},"end":{"line":97,"column":47}},"31":{"start":{"line":98,"column":20},"end":{"line":102,"column":5}},"32":{"start":{"line":103,"column":4},"end":{"line":103,"column":53}},"33":{"start":{"line":108,"column":27},"end":{"line":133,"column":1}},"34":{"start":{"line":134,"column":4},"end":{"line":134,"column":63}},"35":{"start":{"line":137,"column":0},"end":{"line":141,"column":3}},"36":{"start":{"line":138,"column":4},"end":{"line":138,"column":60}},"37":{"start":{"line":139,"column":4},"end":{"line":139,"column":83}}},"fnMap":{"0":{"name":"handleCityInput","decl":{"start":{"line":10,"column":9},"end":{"line":10,"column":24}},"loc":{"start":{"line":10,"column":32},"end":{"line":15,"column":1}},"line":10},"1":{"name":"getCityInput","decl":{"start":{"line":17,"column":9},"end":{"line":17,"column":21}},"loc":{"start":{"line":17,"column":24},"end":{"line":20,"column":1}},"line":17},"2":{"name":"getWeather","decl":{"start":{"line":22,"column":15},"end":{"line":22,"column":25}},"loc":{"start":{"line":22,"column":41},"end":{"line":40,"column":1}},"line":22},"3":{"name":"getWeatherForecast","decl":{"start":{"line":42,"column":15},"end":{"line":42,"column":33}},"loc":{"start":{"line":42,"column":40},"end":{"line":61,"column":1}},"line":42},"4":{"name":"(anonymous_4)","decl":{"start":{"line":46,"column":28},"end":{"line":46,"column":29}},"loc":{"start":{"line":46,"column":35},"end":{"line":58,"column":13}},"line":46},"5":{"name":"handleWeatherData","decl":{"start":{"line":63,"column":9},"end":{"line":63,"column":26}},"loc":{"start":{"line":63,"column":33},"end":{"line":93,"column":1}},"line":63},"6":{"name":"(anonymous_6)","decl":{"start":{"line":89,"column":78},"end":{"line":89,"column":79}},"loc":{"start":{"line":89,"column":84},"end":{"line":92,"column":5}},"line":89},"7":{"name":"formatForecastDate","decl":{"start":{"line":95,"column":9},"end":{"line":95,"column":27}},"loc":{"start":{"line":95,"column":40},"end":{"line":104,"column":1}},"line":95},"8":{"name":"forecastIcon","decl":{"start":{"line":106,"column":9},"end":{"line":106,"column":21}},"loc":{"start":{"line":106,"column":33},"end":{"line":135,"column":1}},"line":106},"9":{"name":"(anonymous_9)","decl":{"start":{"line":137,"column":37},"end":{"line":137,"column":38}},"loc":{"start":{"line":137,"column":43},"end":{"line":141,"column":1}},"line":137}},"branchMap":{"0":{"loc":{"start":{"line":11,"column":4},"end":{"line":14,"column":5}},"type":"if","locations":[{"start":{"line":11,"column":4},"end":{"line":14,"column":5}},{"start":{},"end":{}}],"line":11},"1":{"loc":{"start":{"line":29,"column":8},"end":{"line":37,"column":9}},"type":"if","locations":[{"start":{"line":29,"column":8},"end":{"line":37,"column":9}},{"start":{"line":33,"column":15},"end":{"line":37,"column":9}}],"line":29},"2":{"loc":{"start":{"line":134,"column":11},"end":{"line":134,"column":62}},"type":"binary-expr","locations":[{"start":{"line":134,"column":11},"end":{"line":134,"column":36}},{"start":{"line":134,"column":40},"end":{"line":134,"column":62}}],"line":134}},"s":{"0":42,"1":42,"2":42,"3":42,"4":42,"5":0,"6":0,"7":0,"8":0,"9":0,"10":5,"11":5,"12":3,"13":3,"14":3,"15":2,"16":1,"17":1,"18":1,"19":1,"20":1,"21":1,"22":2,"23":0,"24":0,"25":10,"26":10,"27":0,"28":0,"29":4,"30":4,"31":4,"32":4,"33":37,"34":37,"35":42,"36":0,"37":0},"f":{"0":0,"1":0,"2":5,"3":0,"4":0,"5":10,"6":0,"7":4,"8":37,"9":0},"b":{"0":[0,0],"1":[1,1],"2":[37,3]},"_coverageSchema":"1a1c01bbd47fc00a2c39e90264f33305004495a9","hash":"9425f9a4349d98f44fa52d9f8b5d3c70fb65387a"}
}
