TN:
SF:index.js
FN:10,handleCityInput
FN:17,getCityInput
FN:22,getWeather
FN:42,getWeatherForecast
FN:46,(anonymous_4)
FN:63,handleWeatherData
FN:89,(anonymous_6)
FN:95,formatForecastDate
FN:106,forecastIcon
FN:137,(anonymous_9)
FNF:10
FNH:4
FNDA:0,handleCityInput
FNDA:0,getCityInput
FNDA:5,getWeather
FNDA:0,getWeatherForecast
FNDA:0,(anonymous_4)
FNDA:10,handleWeatherData
FNDA:0,(anonymous_6)
FNDA:4,formatForecastDate
FNDA:37,forecastIcon
FNDA:0,(anonymous_9)
DA:2,42
DA:3,42
DA:4,42
DA:7,42
DA:8,42
DA:11,0
DA:12,0
DA:13,0
DA:18,0
DA:19,0
DA:23,5
DA:24,5
DA:25,3
DA:26,3
DA:27,3
DA:29,2
DA:30,1
DA:31,1
DA:32,1
DA:34,1
DA:35,1
DA:36,1
DA:38,2
DA:44,0
DA:46,0
DA:64,10
DA:89,10
DA:90,0
DA:91,0
DA:96,4
DA:97,4
DA:98,4
DA:103,4
DA:108,37
DA:134,37
DA:137,42
DA:138,0
DA:139,0
LF:38
LH:27
BRDA:11,0,0,0
BRDA:11,0,1,0
BRDA:29,1,0,1
BRDA:29,1,1,1
BRDA:134,2,0,37
BRDA:134,2,1,3
BRF:6
BRH:4
end_of_record
